<?xml version="1.0" encoding="UTF-8"?>
<!-- Generated by org.testng.reporters.JUnitXMLReporter -->
<testsuite ignored="0" hostname="MIIPL_ON_Rajendra_Mane" failures="0" tests="3" name="Part3" time="72.578" errors="0" timestamp="2024-11-15T16:26:49 IST">
  <testcase classname="SOR_testcases.SOR_Aggregator_Management_Testcase" name="Add_Agg" time="37.918"/>
  <testcase classname="SOR_testcases.SOR_Aggregator_Management_Testcase" name="Agg_Verification" time="17.04"/>
  <testcase classname="SOR_testcases.SOR_Aggregator_Management_Testcase" name="On_Board_Agg_Status" time="9.807"/>
</testsuite> <!-- Part3 -->
