<?xml version="1.0" encoding="UTF-8"?>
<!-- Generated by org.testng.reporters.JUnitXMLReporter -->
<testsuite ignored="0" hostname="MIIPL_ON_Rajendra_Mane" failures="0" tests="6" name="Part1" time="51.808" errors="0" timestamp="2024-11-15T16:26:28 IST">
  <testcase classname="SOR_testcases.SOR_LoginTestCase" name="Check_InValid_User_Name" time="4.245"/>
  <testcase classname="SOR_testcases.SOR_LoginTestCase" name="Check_Blank_Username" time="4.117"/>
  <testcase classname="SOR_testcases.SOR_LoginTestCase" name="Check_Blank_Password" time="2.644"/>
  <testcase classname="SOR_testcases.SOR_LoginTestCase" name="Check_InValid_Password" time="4.063"/>
  <testcase classname="SOR_testcases.SOR_LoginTestCase" name="Check_Valid_Credentials" time="3.465"/>
  <testcase classname="SOR_testcases.SOR_Switch_ConfigurationTestCase" name="AddSwitch" time="16.931"/>
</testsuite> <!-- Part1 -->
