<?xml version="1.0" encoding="UTF-8"?>
<!-- Generated by org.testng.reporters.JUnitXMLReporter -->
<testsuite ignored="0" hostname="MIIPL_ON_Rajendra_Mane" failures="1" tests="5" name="Test" time="37.515" errors="0" timestamp="2024-11-16T16:20:55 IST">
  <testcase classname="SOR_testcases.SOR_LoginTestCase" name="Check_InValid_User_Name" time="3.216"/>
  <testcase classname="SOR_testcases.SOR_LoginTestCase" name="Check_Blank_Username" time="2.41"/>
  <testcase classname="SOR_testcases.SOR_LoginTestCase" name="Check_Blank_Password" time="2.486"/>
  <testcase classname="SOR_testcases.SOR_LoginTestCase" name="Check_InValid_Password" time="2.679"/>
  <testcase classname="SOR_testcases.SOR_LoginTestCase" name="Check_Valid_Credentials" time="21.661">
    <failure type="java.lang.AssertionError" message="Login failed: LeftMenu is not displayed expected [true] but found [false]">
      <![CDATA[java.lang.AssertionError: Login failed: LeftMenu is not displayed expected [true] but found [false]
at SOR_Pages.SOR_Login_Page.Check_Valid_Credentials(SOR_Login_Page.java:79)
at SOR_testcases.SOR_LoginTestCase.Check_Valid_Credentials(SOR_LoginTestCase.java:35)
at java.base/java.util.ArrayList.forEach(ArrayList.java:1596)
... Removed 28 stack frames]]>
    </failure>
  </testcase> <!-- Check_Valid_Credentials -->
</testsuite> <!-- Test -->
