<?xml version="1.0" encoding="UTF-8"?>
<!-- Generated by org.testng.reporters.JUnitXMLReporter -->
<testsuite ignored="0" hostname="MIIPL_ON_Rajendra_Mane" failures="0" tests="17" name="Test" time="312.36" errors="0" timestamp="2024-11-07T12:18:05 IST">
  <testcase classname="SOR_testcases.SOR_LoginTestCase" name="Check_InValid_User_Name" time="4.895"/>
  <testcase classname="SOR_testcases.SOR_LoginTestCase" name="Check_Blank_Username" time="2.489"/>
  <testcase classname="SOR_testcases.SOR_LoginTestCase" name="Check_Blank_Password" time="2.448"/>
  <testcase classname="SOR_testcases.SOR_LoginTestCase" name="Check_InValid_Password" time="2.521"/>
  <testcase classname="SOR_testcases.SOR_LoginTestCase" name="Check_Valid_Credentials" time="8.336"/>
  <testcase classname="SOR_testcases.SOR_Switch_ConfigurationTestCase" name="AddSwitch" time="12.995"/>
  <testcase classname="SOR_testcases.SOR_Rule_ConfigurationTestCase" name="AddGroup" time="8.65"/>
  <testcase classname="SOR_testcases.SOR_Rule_ConfigurationTestCase" name="AddRule" time="18.23"/>
  <testcase classname="SOR_testcases.SOR_BC_Management_TestCase" name="Add_BC" time="40.321"/>
  <testcase classname="SOR_testcases.SOR_BC_Management_TestCase" name="BC_Verification" time="20.919"/>
  <testcase classname="SOR_testcases.SOR_BC_Management_TestCase" name="On_Board_BC_Status" time="13.831"/>
  <testcase classname="SOR_testcases.SOR_Aggregator_Management_Testcase" name="Add_Agg" time="36.804"/>
  <testcase classname="SOR_testcases.SOR_Aggregator_Management_Testcase" name="Agg_Verification" time="16.169"/>
  <testcase classname="SOR_testcases.SOR_Aggregator_Management_Testcase" name="On_Board_Agg_Status" time="9.804"/>
  <testcase classname="SOR_testcases.SOR_Agent_Management_Testcase" name="Add_Agent" time="48.603"/>
  <testcase classname="SOR_testcases.SOR_Agent_Management_Testcase" name="Agent_Verification" time="26.119"/>
  <testcase classname="SOR_testcases.SOR_Agent_Management_Testcase" name="On_Board_Agent_Status" time="14.145"/>
</testsuite> <!-- Test -->
